# JRE version: Java(TM) SE Runtime Environment 18.9 (11.0.10+8) (build 11.0.10+8-LTS-162)
# Java VM: Java HotSpot(TM) 64-Bit Server VM 18.9 (11.0.10+8-LTS-162, mixed mode, tiered, compressed oops, g1 gc, windows-amd64)
Heap:
 garbage-first heap   total 262144K, used 68170K [0x00000000e0000000, 0x0000000100000000)
  region size 1024K, 52 young (53248K), 3 survivors (3072K)
 Metaspace       used 34902K, capacity 35674K, committed 35840K, reserved 286720K
  class space    used 4550K, capacity 4843K, committed 4864K, reserved 253952K
GC Heap History (6 events):
Event: 1.519 GC heap before
{Heap before GC invocations=0 (full 0):
 garbage-first heap   total 262144K, used 29696K [0x00000000e0000000, 0x0000000100000000)
  region size 1024K, 24 young (24576K), 0 survivors (0K)
 Metaspace       used 10196K, capacity 10498K, committed 10624K, reserved 264192K
  class space    used 1059K, capacity 1138K, committed 1152K, reserved 253952K
}
Event: 1.581 GC heap after
{Heap after GC invocations=1 (full 0):
 garbage-first heap   total 262144K, used 9619K [0x00000000e0000000, 0x0000000100000000)
  region size 1024K, 3 young (3072K), 3 survivors (3072K)
 Metaspace       used 10196K, capacity 10498K, committed 10624K, reserved 264192K
  class space    used 1059K, capacity 1138K, committed 1152K, reserved 253952K
}
Event: 5.990 GC heap before
{Heap before GC invocations=1 (full 0):
 garbage-first heap   total 262144K, used 107923K [0x00000000e0000000, 0x0000000100000000)
  region size 1024K, 100 young (102400K), 3 survivors (3072K)
 Metaspace       used 20598K, capacity 21097K, committed 21248K, reserved 272384K
  class space    used 2517K, capacity 2700K, committed 2816K, reserved 253952K
}
Event: 6.000 GC heap after
{Heap after GC invocations=2 (full 0):
 garbage-first heap   total 262144K, used 16945K [0x00000000e0000000, 0x0000000100000000)
  region size 1024K, 11 young (11264K), 11 survivors (11264K)
 Metaspace       used 20598K, capacity 21097K, committed 21248K, reserved 272384K
  class space    used 2517K, capacity 2700K, committed 2816K, reserved 253952K
}
Event: 6.960 GC heap before
{Heap before GC invocations=3 (full 0):
 garbage-first heap   total 262144K, used 80433K [0x00000000e0000000, 0x0000000100000000)
  region size 1024K, 73 young (74752K), 11 survivors (11264K)
 Metaspace       used 26471K, capacity 27094K, committed 27264K, reserved 278528K
  class space    used 3479K, capacity 3706K, committed 3712K, reserved 253952K
}
Event: 6.971 GC heap after
{Heap after GC invocations=4 (full 0):
 garbage-first heap   total 262144K, used 19018K [0x00000000e0000000, 0x0000000100000000)
  region size 1024K, 3 young (3072K), 3 survivors (3072K)
 Metaspace       used 26471K, capacity 27094K, committed 27264K, reserved 278528K
  class space    used 3479K, capacity 3706K, committed 3712K, reserved 253952K
}

